<?xml version="1.0" encoding="UTF-8"?>
<testsuite xmlns:xsi="http://www.w3.org/2001/XMLSchema-instance" xsi:noNamespaceSchemaLocation="https://maven.apache.org/surefire/maven-surefire-plugin/xsd/surefire-test-report-3.0.xsd" version="3.0" name="com.example.studentmangementsystem.StudentMangementSystemApplicationTests" time="2.066" tests="1" errors="0" skipped="0" failures="0">
  <properties>
[...]
</properties>
  <testcase name="contextLoads" classname="com.example.studentmangementsystem.StudentMangementSystemApplicationTests" time="0.29">
    <system-out><![CDATA[20:08:09.960 [main] INFO org.springframework.test.context.support.AnnotationConfigContextLoaderUtils -- Could not detect default configuration classes for test class [com.example.studentmangementsystem.StudentMangementSystemApplicationTests]: StudentMangementSystemApplicationTests does not declare any static, non-private, non-final, nested classes annotated with @Configuration.
20:08:10.011 [main] INFO org.springframework.boot.test.context.SpringBootTestContextBootstrapper -- Found @SpringBootConfiguration com.example.studentmangementsystem.StudentMangementSystemApplication for test class com.example.studentmangementsystem.StudentMangementSystemApplicationTests

  .   ____          _            __ _ _
 /\\ / ___'_ __ _ _(_)_ __  __ _ \ \ \ \
( ( )\___ | '_ | '_| | '_ \/ _` | \ \ \ \
 \\/  ___)| |_)| | | | | || (_| |  ) ) ) )
  '  |____| .__|_| |_|_| |_\__, | / / / /
 =========|_|==============|___/=/_/_/_/

 :: Spring Boot ::                (v3.3.2)

2024-08-12T20:08:10.192+05:30  INFO 40714 --- [Student-Mangement-System] [           main] s.StudentMangementSystemApplicationTests : Starting StudentMangementSystemApplicationTests using Java 22.0.2 with PID 40714 (started by abhi in /Users/abhi/Student-Mangement-System)
2024-08-12T20:08:10.193+05:30  INFO 40714 --- [Student-Mangement-System] [           main] s.StudentMangementSystemApplicationTests : No active profile set, falling back to 1 default profile: "default"
2024-08-12T20:08:10.457+05:30  INFO 40714 --- [Student-Mangement-System] [           main] .s.d.r.c.RepositoryConfigurationDelegate : Bootstrapping Spring Data JPA repositories in DEFAULT mode.
2024-08-12T20:08:10.475+05:30  INFO 40714 --- [Student-Mangement-System] [           main] .s.d.r.c.RepositoryConfigurationDelegate : Finished Spring Data repository scanning in 15 ms. Found 1 JPA repository interface.
2024-08-12T20:08:10.626+05:30  INFO 40714 --- [Student-Mangement-System] [           main] com.zaxxer.hikari.HikariDataSource       : HikariPool-1 - Starting...
2024-08-12T20:08:10.769+05:30  INFO 40714 --- [Student-Mangement-System] [           main] com.zaxxer.hikari.pool.HikariPool        : HikariPool-1 - Added connection conn0: url=jdbc:h2:mem:9d302e64-ca35-4a28-ab49-e5dd6cc27aa4 user=SA
2024-08-12T20:08:10.770+05:30  INFO 40714 --- [Student-Mangement-System] [           main] com.zaxxer.hikari.HikariDataSource       : HikariPool-1 - Start completed.
2024-08-12T20:08:10.799+05:30  INFO 40714 --- [Student-Mangement-System] [           main] o.hibernate.jpa.internal.util.LogHelper  : HHH000204: Processing PersistenceUnitInfo [name: default]
2024-08-12T20:08:10.827+05:30  INFO 40714 --- [Student-Mangement-System] [           main] org.hibernate.Version                    : HHH000412: Hibernate ORM core version 6.5.2.Final
2024-08-12T20:08:10.840+05:30  INFO 40714 --- [Student-Mangement-System] [           main] o.h.c.internal.RegionFactoryInitiator    : HHH000026: Second-level cache disabled
2024-08-12T20:08:10.974+05:30  INFO 40714 --- [Student-Mangement-System] [           main] o.s.o.j.p.SpringPersistenceUnitInfo      : No LoadTimeWeaver setup: ignoring JPA class transformer
2024-08-12T20:08:11.331+05:30  INFO 40714 --- [Student-Mangement-System] [           main] o.h.e.t.j.p.i.JtaPlatformInitiator       : HHH000489: No JTA platform available (set 'hibernate.transaction.jta.platform' to enable JTA platform integration)
2024-08-12T20:08:11.342+05:30  INFO 40714 --- [Student-Mangement-System] [           main] j.LocalContainerEntityManagerFactoryBean : Initialized JPA EntityManagerFactory for persistence unit 'default'
2024-08-12T20:08:11.503+05:30  WARN 40714 --- [Student-Mangement-System] [           main] JpaBaseConfiguration$JpaWebConfiguration : spring.jpa.open-in-view is enabled by default. Therefore, database queries may be performed during view rendering. Explicitly configure spring.jpa.open-in-view to disable this warning
2024-08-12T20:08:11.652+05:30  INFO 40714 --- [Student-Mangement-System] [           main] s.StudentMangementSystemApplicationTests : Started StudentMangementSystemApplicationTests in 1.586 seconds (process running for 2.007)
]]></system-out>
    <system-err><![CDATA[WARNING: A Java agent has been loaded dynamically (/Users/abhi/.m2/repository/net/bytebuddy/byte-buddy-agent/1.14.18/byte-buddy-agent-1.14.18.jar)
WARNING: If a serviceability tool is in use, please run with -XX:+EnableDynamicAgentLoading to hide this warning
WARNING: If a serviceability tool is not in use, please run with -Djdk.instrument.traceUsage for more information
WARNING: Dynamic loading of agents will be disallowed by default in a future release
]]></system-err>
  </testcase>
</testsuite>